# JRE version: Java(TM) SE Runtime Environment (17.0+35) (build 17+35-LTS-2724)
# Java VM: Java HotSpot(TM) 64-Bit Server VM (17+35-LTS-2724, mixed mode, sharing, tiered, compressed oops, compressed class ptrs, g1 gc, windows-amd64)
GC Precious Log:
 CPUs: 6 total, 6 available
 Memory: 7542M
 Large Page Support: Disabled
 NUMA Support: Disabled
 Compressed Oops: Enabled (32-bit)
 Heap Region Size: 1M
 Heap Min Capacity: 8M
 Heap Initial Capacity: 118M
 Heap Max Capacity: 2G
 Pre-touch: Disabled
 Parallel Workers: 6
 Concurrent Workers: 2
 Concurrent Refinement Workers: 6
 Periodic GC: Disabled
Heap:
 garbage-first heap   total 120832K, used 54641K [0x0000000080000000, 0x0000000100000000)
  region size 1024K, 3 young (3072K), 3 survivors (3072K)
 Metaspace       used 59935K, committed 60608K, reserved 479232K
  class space    used 8413K, committed 8704K, reserved 421888K
GC Heap History (20 events):
Event: 12.141 GC heap after
{Heap after GC invocations=12 (full 0):
 garbage-first heap   total 95232K, used 35938K [0x0000000080000000, 0x0000000100000000)
  region size 1024K, 4 young (4096K), 4 survivors (4096K)
 Metaspace       used 40078K, committed 40576K, reserved 462848K
  class space    used 5603K, committed 5824K, reserved 421888K
}
Event: 12.159 GC heap before
{Heap before GC invocations=12 (full 0):
 garbage-first heap   total 95232K, used 36962K [0x0000000080000000, 0x0000000100000000)
  region size 1024K, 5 young (5120K), 4 survivors (4096K)
 Metaspace       used 40171K, committed 40640K, reserved 462848K
  class space    used 5621K, committed 5824K, reserved 421888K
}
Event: 12.165 GC heap after
{Heap after GC invocations=13 (full 0):
 garbage-first heap   total 95232K, used 35734K [0x0000000080000000, 0x0000000100000000)
  region size 1024K, 1 young (1024K), 1 survivors (1024K)
 Metaspace       used 40171K, committed 40640K, reserved 462848K
  class space    used 5621K, committed 5824K, reserved 421888K
}
Event: 13.262 GC heap before
{Heap before GC invocations=13 (full 0):
 garbage-first heap   total 95232K, used 77718K [0x0000000080000000, 0x0000000100000000)
  region size 1024K, 38 young (38912K), 1 survivors (1024K)
 Metaspace       used 44222K, committed 44736K, reserved 462848K
  class space    used 6168K, committed 6400K, reserved 421888K
}
Event: 13.267 GC heap after
{Heap after GC invocations=14 (full 0):
 garbage-first heap   total 95232K, used 43349K [0x0000000080000000, 0x0000000100000000)
  region size 1024K, 4 young (4096K), 4 survivors (4096K)
 Metaspace       used 44222K, committed 44736K, reserved 462848K
  class space    used 6168K, committed 6400K, reserved 421888K
}
Event: 13.756 GC heap before
{Heap before GC invocations=14 (full 0):
 garbage-first heap   total 95232K, used 74069K [0x0000000080000000, 0x0000000100000000)
  region size 1024K, 34 young (34816K), 4 survivors (4096K)
 Metaspace       used 47834K, committed 48384K, reserved 471040K
  class space    used 6729K, committed 6976K, reserved 421888K
}
Event: 13.760 GC heap after
{Heap after GC invocations=15 (full 0):
 garbage-first heap   total 95232K, used 45049K [0x0000000080000000, 0x0000000100000000)
  region size 1024K, 2 young (2048K), 2 survivors (2048K)
 Metaspace       used 47834K, committed 48384K, reserved 471040K
  class space    used 6729K, committed 6976K, reserved 421888K
}
Event: 14.374 GC heap before
{Heap before GC invocations=15 (full 0):
 garbage-first heap   total 95232K, used 75769K [0x0000000080000000, 0x0000000100000000)
  region size 1024K, 32 young (32768K), 2 survivors (2048K)
 Metaspace       used 51727K, committed 52352K, reserved 471040K
  class space    used 7257K, committed 7552K, reserved 421888K
}
Event: 14.377 GC heap after
{Heap after GC invocations=16 (full 0):
 garbage-first heap   total 95232K, used 46254K [0x0000000080000000, 0x0000000100000000)
  region size 1024K, 3 young (3072K), 3 survivors (3072K)
 Metaspace       used 51727K, committed 52352K, reserved 471040K
  class space    used 7257K, committed 7552K, reserved 421888K
}
Event: 14.867 GC heap before
{Heap before GC invocations=17 (full 0):
 garbage-first heap   total 95232K, used 76974K [0x0000000080000000, 0x0000000100000000)
  region size 1024K, 33 young (33792K), 3 survivors (3072K)
 Metaspace       used 53930K, committed 54592K, reserved 471040K
  class space    used 7562K, committed 7872K, reserved 421888K
}
Event: 14.872 GC heap after
{Heap after GC invocations=18 (full 0):
 garbage-first heap   total 95232K, used 48236K [0x0000000080000000, 0x0000000100000000)
  region size 1024K, 5 young (5120K), 5 survivors (5120K)
 Metaspace       used 53930K, committed 54592K, reserved 471040K
  class space    used 7562K, committed 7872K, reserved 421888K
}
Event: 14.876 GC heap before
{Heap before GC invocations=18 (full 0):
 garbage-first heap   total 95232K, used 49260K [0x0000000080000000, 0x0000000100000000)
  region size 1024K, 6 young (6144K), 5 survivors (5120K)
 Metaspace       used 53930K, committed 54592K, reserved 471040K
  class space    used 7562K, committed 7872K, reserved 421888K
}
Event: 14.880 GC heap after
{Heap after GC invocations=19 (full 0):
 garbage-first heap   total 95232K, used 48233K [0x0000000080000000, 0x0000000100000000)
  region size 1024K, 1 young (1024K), 1 survivors (1024K)
 Metaspace       used 53930K, committed 54592K, reserved 471040K
  class space    used 7562K, committed 7872K, reserved 421888K
}
Event: 15.423 GC heap before
{Heap before GC invocations=19 (full 0):
 garbage-first heap   total 95232K, used 76905K [0x0000000080000000, 0x0000000100000000)
  region size 1024K, 29 young (29696K), 1 survivors (1024K)
 Metaspace       used 55662K, committed 56256K, reserved 471040K
  class space    used 7808K, committed 8128K, reserved 421888K
}
Event: 15.426 GC heap after
{Heap after GC invocations=20 (full 0):
 garbage-first heap   total 95232K, used 50061K [0x0000000080000000, 0x0000000100000000)
  region size 1024K, 3 young (3072K), 3 survivors (3072K)
 Metaspace       used 55662K, committed 56256K, reserved 471040K
  class space    used 7808K, committed 8128K, reserved 421888K
}
Event: 15.958 GC heap before
{Heap before GC invocations=21 (full 0):
 garbage-first heap   total 95232K, used 76685K [0x0000000080000000, 0x0000000100000000)
  region size 1024K, 30 young (30720K), 3 survivors (3072K)
 Metaspace       used 58280K, committed 58880K, reserved 479232K
  class space    used 8207K, committed 8448K, reserved 421888K
}
Event: 15.962 GC heap after
{Heap after GC invocations=22 (full 0):
 garbage-first heap   total 95232K, used 52749K [0x0000000080000000, 0x0000000100000000)
  region size 1024K, 3 young (3072K), 3 survivors (3072K)
 Metaspace       used 58280K, committed 58880K, reserved 479232K
  class space    used 8207K, committed 8448K, reserved 421888K
}
Event: 15.977 GC heap before
{Heap before GC invocations=22 (full 0):
 garbage-first heap   total 95232K, used 53773K [0x0000000080000000, 0x0000000100000000)
  region size 1024K, 4 young (4096K), 3 survivors (3072K)
 Metaspace       used 58336K, committed 59008K, reserved 479232K
  class space    used 8213K, committed 8512K, reserved 421888K
}
Event: 15.980 GC heap after
{Heap after GC invocations=23 (full 0):
 garbage-first heap   total 95232K, used 52839K [0x0000000080000000, 0x0000000100000000)
  region size 1024K, 1 young (1024K), 1 survivors (1024K)
 Metaspace       used 58336K, committed 59008K, reserved 479232K
  class space    used 8213K, committed 8512K, reserved 421888K
}
Event: 16.462 GC heap before
{Heap before GC invocations=23 (full 0):
 garbage-first heap   total 95232K, used 76391K [0x0000000080000000, 0x0000000100000000)
  region size 1024K, 25 young (25600K), 1 survivors (1024K)
 Metaspace       used 59935K, committed 60608K, reserved 479232K
  class space    used 8413K, committed 8704K, reserved 421888K
}

